<?xml version="1.0" encoding="UTF-8"?>
<testsuite name="com.dvdrental.rental.RentalApplicationTests" tests="1" skipped="0" failures="0" errors="0" timestamp="2020-12-26T19:57:20" hostname="blackbartsbook" time="0.093">
  <properties/>
  <testcase name="contextLoads()" classname="com.dvdrental.rental.RentalApplicationTests" time="0.093"/>
  <system-out><![CDATA[16:57:13.102 [Test worker] DEBUG org.springframework.test.context.BootstrapUtils - Instantiating CacheAwareContextLoaderDelegate from class [org.springframework.test.context.cache.DefaultCacheAwareContextLoaderDelegate]
16:57:13.113 [Test worker] DEBUG org.springframework.test.context.BootstrapUtils - Instantiating BootstrapContext using constructor [public org.springframework.test.context.support.DefaultBootstrapContext(java.lang.Class,org.springframework.test.context.CacheAwareContextLoaderDelegate)]
16:57:13.137 [Test worker] DEBUG org.springframework.test.context.BootstrapUtils - Instantiating TestContextBootstrapper for test class [com.dvdrental.rental.RentalApplicationTests] from class [org.springframework.boot.test.context.SpringBootTestContextBootstrapper]
16:57:13.150 [Test worker] INFO org.springframework.boot.test.context.SpringBootTestContextBootstrapper - Neither @ContextConfiguration nor @ContextHierarchy found for test class [com.dvdrental.rental.RentalApplicationTests], using SpringBootContextLoader
16:57:13.153 [Test worker] DEBUG org.springframework.test.context.support.AbstractContextLoader - Did not detect default resource location for test class [com.dvdrental.rental.RentalApplicationTests]: class path resource [com/dvdrental/rental/RentalApplicationTests-context.xml] does not exist
16:57:13.154 [Test worker] DEBUG org.springframework.test.context.support.AbstractContextLoader - Did not detect default resource location for test class [com.dvdrental.rental.RentalApplicationTests]: class path resource [com/dvdrental/rental/RentalApplicationTestsContext.groovy] does not exist
16:57:13.154 [Test worker] INFO org.springframework.test.context.support.AbstractContextLoader - Could not detect default resource locations for test class [com.dvdrental.rental.RentalApplicationTests]: no resource found for suffixes {-context.xml, Context.groovy}.
16:57:13.155 [Test worker] INFO org.springframework.test.context.support.AnnotationConfigContextLoaderUtils - Could not detect default configuration classes for test class [com.dvdrental.rental.RentalApplicationTests]: RentalApplicationTests does not declare any static, non-private, non-final, nested classes annotated with @Configuration.
16:57:13.192 [Test worker] DEBUG org.springframework.test.context.support.ActiveProfilesUtils - Could not find an 'annotation declaring class' for annotation type [org.springframework.test.context.ActiveProfiles] and class [com.dvdrental.rental.RentalApplicationTests]
16:57:13.246 [Test worker] DEBUG org.springframework.context.annotation.ClassPathScanningCandidateComponentProvider - Identified candidate component class: file [/home/blackbart/repos/rental-rental/build/classes/java/main/com/dvdrental/rental/RentalApplication.class]
16:57:13.247 [Test worker] INFO org.springframework.boot.test.context.SpringBootTestContextBootstrapper - Found @SpringBootConfiguration com.dvdrental.rental.RentalApplication for test class com.dvdrental.rental.RentalApplicationTests
16:57:13.328 [Test worker] DEBUG org.springframework.boot.test.context.SpringBootTestContextBootstrapper - @TestExecutionListeners is not present for class [com.dvdrental.rental.RentalApplicationTests]: using defaults.
16:57:13.328 [Test worker] INFO org.springframework.boot.test.context.SpringBootTestContextBootstrapper - Loaded default TestExecutionListener class names from location [META-INF/spring.factories]: [org.springframework.boot.test.autoconfigure.restdocs.RestDocsTestExecutionListener, org.springframework.boot.test.autoconfigure.web.client.MockRestServiceServerResetTestExecutionListener, org.springframework.boot.test.autoconfigure.web.servlet.MockMvcPrintOnlyOnFailureTestExecutionListener, org.springframework.boot.test.autoconfigure.web.servlet.WebDriverTestExecutionListener, org.springframework.boot.test.autoconfigure.webservices.client.MockWebServiceServerTestExecutionListener, org.springframework.boot.test.mock.mockito.MockitoTestExecutionListener, org.springframework.boot.test.mock.mockito.ResetMocksTestExecutionListener, org.springframework.test.context.web.ServletTestExecutionListener, org.springframework.test.context.support.DirtiesContextBeforeModesTestExecutionListener, org.springframework.test.context.support.DependencyInjectionTestExecutionListener, org.springframework.test.context.support.DirtiesContextTestExecutionListener, org.springframework.test.context.transaction.TransactionalTestExecutionListener, org.springframework.test.context.jdbc.SqlScriptsTestExecutionListener, org.springframework.test.context.event.EventPublishingTestExecutionListener]
16:57:13.342 [Test worker] INFO org.springframework.boot.test.context.SpringBootTestContextBootstrapper - Using TestExecutionListeners: [org.springframework.test.context.web.ServletTestExecutionListener@3954f625, org.springframework.test.context.support.DirtiesContextBeforeModesTestExecutionListener@1efa7e36, org.springframework.boot.test.mock.mockito.MockitoTestExecutionListener@7827d74c, org.springframework.boot.test.autoconfigure.SpringBootDependencyInjectionTestExecutionListener@b44a834, org.springframework.test.context.support.DirtiesContextTestExecutionListener@15bf92a7, org.springframework.test.context.transaction.TransactionalTestExecutionListener@58f955e8, org.springframework.test.context.jdbc.SqlScriptsTestExecutionListener@1ea2740c, org.springframework.test.context.event.EventPublishingTestExecutionListener@30896ae4, org.springframework.boot.test.autoconfigure.restdocs.RestDocsTestExecutionListener@594afcf8, org.springframework.boot.test.autoconfigure.web.client.MockRestServiceServerResetTestExecutionListener@4b8eb42c, org.springframework.boot.test.autoconfigure.web.servlet.MockMvcPrintOnlyOnFailureTestExecutionListener@4601bb45, org.springframework.boot.test.autoconfigure.web.servlet.WebDriverTestExecutionListener@3d24272b, org.springframework.boot.test.autoconfigure.webservices.client.MockWebServiceServerTestExecutionListener@3387a14b, org.springframework.boot.test.mock.mockito.ResetMocksTestExecutionListener@d164cc3]
16:57:13.346 [Test worker] DEBUG org.springframework.test.context.support.AbstractDirtiesContextTestExecutionListener - Before test class: context [DefaultTestContext@61e31f3d testClass = RentalApplicationTests, testInstance = [null], testMethod = [null], testException = [null], mergedContextConfiguration = [WebMergedContextConfiguration@1175105d testClass = RentalApplicationTests, locations = '{}', classes = '{class com.dvdrental.rental.RentalApplication}', contextInitializerClasses = '[]', activeProfiles = '{}', propertySourceLocations = '{}', propertySourceProperties = '{org.springframework.boot.test.context.SpringBootTestContextBootstrapper=true}', contextCustomizers = set[org.springframework.boot.test.autoconfigure.properties.PropertyMappingContextCustomizer@0, org.springframework.boot.test.autoconfigure.web.servlet.WebDriverContextCustomizerFactory$Customizer@5fc1f22f, org.springframework.boot.test.context.filter.ExcludeFilterContextCustomizer@2b373b20, org.springframework.boot.test.json.DuplicateJsonObjectContextCustomizerFactory$DuplicateJsonObjectContextCustomizer@50247177, org.springframework.boot.test.mock.mockito.MockitoContextCustomizer@0, org.springframework.boot.test.web.client.TestRestTemplateContextCustomizer@47745924, org.springframework.boot.test.context.SpringBootTestArgs@1, org.springframework.boot.test.context.SpringBootTestWebEnvironment@6f625ad], resourceBasePath = 'src/main/webapp', contextLoader = 'org.springframework.boot.test.context.SpringBootContextLoader', parent = [null]], attributes = map['org.springframework.test.context.web.ServletTestExecutionListener.activateListener' -> true]], class annotated with @DirtiesContext [false] with mode [null].
16:57:13.374 [Test worker] DEBUG org.springframework.test.context.support.TestPropertySourceUtils - Adding inlined properties to environment: {spring.jmx.enabled=false, org.springframework.boot.test.context.SpringBootTestContextBootstrapper=true}

  .   ____          _            __ _ _
 /\\ / ___'_ __ _ _(_)_ __  __ _ \ \ \ \
( ( )\___ | '_ | '_| | '_ \/ _` | \ \ \ \
 \\/  ___)| |_)| | | | | || (_| |  ) ) ) )
  '  |____| .__|_| |_|_| |_\__, | / / / /
 =========|_|==============|___/=/_/_/_/
 :: Spring Boot ::  (v2.3.8.BUILD-SNAPSHOT)

2020-12-26 16:57:14.110  INFO 13900 --- [    Test worker] c.d.rental.RentalApplicationTests        : No active profile set, falling back to default profiles: default
2020-12-26 16:57:14.915  INFO 13900 --- [    Test worker] .s.d.r.c.RepositoryConfigurationDelegate : Bootstrapping Spring Data JPA repositories in DEFAULT mode.
2020-12-26 16:57:14.972  INFO 13900 --- [    Test worker] .s.d.r.c.RepositoryConfigurationDelegate : Finished Spring Data repository scanning in 49ms. Found 1 JPA repository interfaces.
2020-12-26 16:57:15.205  INFO 13900 --- [    Test worker] o.s.cloud.context.scope.GenericScope     : BeanFactory id=8f24dc7f-70ad-37b6-b57c-79e76218e8ec
2020-12-26 16:57:15.282  INFO 13900 --- [    Test worker] trationDelegate$BeanPostProcessorChecker : Bean 'com.dvdrental.rental.client.FilmClient' of type [org.springframework.cloud.openfeign.FeignClientFactoryBean] is not eligible for getting processed by all BeanPostProcessors (for example: not eligible for auto-proxying)
2020-12-26 16:57:15.284  INFO 13900 --- [    Test worker] trationDelegate$BeanPostProcessorChecker : Bean 'com.dvdrental.rental.client.PaymentClient' of type [org.springframework.cloud.openfeign.FeignClientFactoryBean] is not eligible for getting processed by all BeanPostProcessors (for example: not eligible for auto-proxying)
2020-12-26 16:57:15.650  INFO 13900 --- [    Test worker] com.zaxxer.hikari.HikariDataSource       : HikariPool-1 - Starting...
2020-12-26 16:57:16.016  INFO 13900 --- [    Test worker] com.zaxxer.hikari.HikariDataSource       : HikariPool-1 - Start completed.
2020-12-26 16:57:16.096  INFO 13900 --- [    Test worker] o.hibernate.jpa.internal.util.LogHelper  : HHH000204: Processing PersistenceUnitInfo [name: default]
2020-12-26 16:57:16.145  INFO 13900 --- [    Test worker] org.hibernate.Version                    : HHH000412: Hibernate ORM core version 5.4.25.Final
2020-12-26 16:57:16.294  INFO 13900 --- [    Test worker] o.hibernate.annotations.common.Version   : HCANN000001: Hibernate Commons Annotations {5.1.2.Final}
2020-12-26 16:57:16.396  INFO 13900 --- [    Test worker] org.hibernate.dialect.Dialect            : HHH000400: Using dialect: org.hibernate.dialect.PostgreSQL95Dialect
2020-12-26 16:57:17.934  INFO 13900 --- [    Test worker] org.hibernate.tuple.PojoInstantiator     : HHH000182: No default (no-argument) constructor for class: com.dvdrental.rental.model.Rental (class must be instantiated by Interceptor)
2020-12-26 16:57:18.020  INFO 13900 --- [    Test worker] o.h.e.t.j.p.i.JtaPlatformInitiator       : HHH000490: Using JtaPlatform implementation: [org.hibernate.engine.transaction.jta.platform.internal.NoJtaPlatform]
2020-12-26 16:57:18.029  INFO 13900 --- [    Test worker] j.LocalContainerEntityManagerFactoryBean : Initialized JPA EntityManagerFactory for persistence unit 'default'
2020-12-26 16:57:18.484  WARN 13900 --- [    Test worker] JpaBaseConfiguration$JpaWebConfiguration : spring.jpa.open-in-view is enabled by default. Therefore, database queries may be performed during view rendering. Explicitly configure spring.jpa.open-in-view to disable this warning
2020-12-26 16:57:18.897  WARN 13900 --- [    Test worker] o.s.c.n.a.ArchaiusAutoConfiguration      : No spring.application.name found, defaulting to 'application'
2020-12-26 16:57:18.902  WARN 13900 --- [    Test worker] c.n.c.sources.URLConfigurationSource     : No URLs will be polled as dynamic configuration sources.
2020-12-26 16:57:18.903  INFO 13900 --- [    Test worker] c.n.c.sources.URLConfigurationSource     : To enable URLs as dynamic configuration sources, define System property archaius.configurationSource.additionalUrls or make config.properties available on classpath.
2020-12-26 16:57:18.911  WARN 13900 --- [    Test worker] c.n.c.sources.URLConfigurationSource     : No URLs will be polled as dynamic configuration sources.
2020-12-26 16:57:18.911  INFO 13900 --- [    Test worker] c.n.c.sources.URLConfigurationSource     : To enable URLs as dynamic configuration sources, define System property archaius.configurationSource.additionalUrls or make config.properties available on classpath.
2020-12-26 16:57:19.193  INFO 13900 --- [    Test worker] o.s.s.concurrent.ThreadPoolTaskExecutor  : Initializing ExecutorService 'applicationTaskExecutor'
2020-12-26 16:57:19.905  INFO 13900 --- [    Test worker] o.s.b.a.e.web.EndpointLinksResolver      : Exposing 2 endpoint(s) beneath base path '/actuator'
2020-12-26 16:57:19.970  INFO 13900 --- [    Test worker] c.d.rental.RentalApplicationTests        : Started RentalApplicationTests in 6.587 seconds (JVM running for 7.558)
]]></system-out>
  <system-err><![CDATA[]]></system-err>
</testsuite>
